December 10 2008 09:49:19. : Starting to download ftp server<br>December 10 2008 09:49:20. : Connected to wister.worldispnetwork.com<br>December 10 2008 09:49:20. : Logged in as bursonft@wister.worldispnetwork.com<br>December 10 2008 09:49:20. : Powered by UNIX<br>December 10 2008 09:49:20. : Current directory: /<br>December 10 2008 09:49:20. : Searching....<br>December 10 2008 09:49:21. : Found 133 new file(s)<br>                                                                                 
                                                                                 
             000000000         00000000000000000      000000000000               
           00         00              00               00         00             
           00         00              00               00          00            
           00         00              00               00           00           
           00         00              00               00           00           
           00         00              00               00           00           
           00         00              00               00           00           
           00         00              00               00          00            
             00000000                 00              0000000000000              
                                                                                 
                                                                                 
December 10 2008 10:46:43. : Starting batch file #134<br>December 10 2008 10:46:43. : Processing 08-131406.pdf<br>December 10 2008 10:46:43. : Sent December 09 2008 17:15:37.<br>December 10 2008 10:47:07. : Successfully downloaded 08-131406.pdf<br>December 10 2008 10:47:07. : Couldn't process cleanup<br>December 10 2008 10:47:07. : FTP ERROR, PACKET DISCARDED<br>                                                                                 
                                                                                 
   000000000     000000000      00000000          000000000     00000000         
   00            00      00     00      00      000       00    00      00       
   00            00       00    00       00     00         0    00       00      
   00            00       00    00       00     00         00   00       00      
   0000000       00      00     00      00      00         00   00      00       
   00            000000000      000000000       00         00   000000000        
   00            00      00     00       00     00         0    00       00      
   00            00       00    00        00    000       00    00        00     
   00000000      00        00   00         00      000000       00         00    
                                                                                 
                                                                                 
